<?xml version="1.0" encoding="UTF-8"?>
<!-- Generated by org.testng.reporters.JUnitXMLReporter -->
<testsuite ignored="0" hostname="DESKTOP-5VI0HAR" failures="0" tests="5" name="Surefire test" time="3.213" errors="0" timestamp="2024-02-01T15:16:46 CST">
  <testcase classname="testcases.VideoGameAPITest" name="test_deleteNewVideoGame" time="1.867"/>
  <testcase classname="testcases.VideoGameAPITest" name="test_getAllVideoGames" time="0.033"/>
  <testcase classname="testcases.VideoGameAPITest" name="test_postNewVideoGame" time="0.426"/>
  <testcase classname="testcases.VideoGameAPITest" name="test_getNewVideoGame" time="0.757"/>
  <testcase classname="testcases.VideoGameAPITest" name="test_updateNewVideoGame" time="0.06"/>
</testsuite> <!-- Surefire test -->
