<?xml version="1.0" encoding="UTF-8"?>
<!-- Generated by org.testng.reporters.JUnitXMLReporter -->
<testsuite ignored="0" hostname="DESKTOP-5VI0HAR" failures="0" tests="5" name="Default test" time="2.787" errors="0" timestamp="2024-02-01T15:02:04 CST">
  <testcase classname="testcases.VideoGameAPITest" name="test_deleteNewVideoGame" time="1.553"/>
  <testcase classname="testcases.VideoGameAPITest" name="test_getAllVideoGames" time="0.026"/>
  <testcase classname="testcases.VideoGameAPITest" name="test_postNewVideoGame" time="0.369"/>
  <testcase classname="testcases.VideoGameAPITest" name="test_getNewVideoGame" time="0.728"/>
  <testcase classname="testcases.VideoGameAPITest" name="test_updateNewVideoGame" time="0.051"/>
</testsuite> <!-- Default test -->
