<?xml version="1.0" encoding="UTF-8"?>
<!-- Generated by org.testng.reporters.JUnitXMLReporter -->
<testsuite ignored="0" hostname="DESKTOP-5VI0HAR" failures="0" tests="5" name="Test" time="3.156" errors="0" timestamp="2024-02-01T15:12:33 CST">
  <testcase classname="testcases.VideoGameAPITest" name="test_deleteNewVideoGame" time="1.725"/>
  <testcase classname="testcases.VideoGameAPITest" name="test_getAllVideoGames" time="0.03"/>
  <testcase classname="testcases.VideoGameAPITest" name="test_postNewVideoGame" time="0.388"/>
  <testcase classname="testcases.VideoGameAPITest" name="test_getNewVideoGame" time="0.856"/>
  <testcase classname="testcases.VideoGameAPITest" name="test_updateNewVideoGame" time="0.05"/>
</testsuite> <!-- Test -->
