<?xml version="1.0" encoding="UTF-8"?>
<testsuite xmlns:xsi="http://www.w3.org/2001/XMLSchema-instance" xsi:noNamespaceSchemaLocation="https://maven.apache.org/surefire/maven-surefire-plugin/xsd/surefire-test-report.xsd" name="testcases.VideoGameAPITest" time="4.154" tests="5" errors="0" skipped="0" failures="0">
  <properties>
[...]
</properties>
  <testcase name="test_deleteNewVideoGame" classname="testcases.VideoGameAPITest" time="1.869"/>
  <testcase name="test_getAllVideoGames" classname="testcases.VideoGameAPITest" time="0.034"/>
  <testcase name="test_postNewVideoGame" classname="testcases.VideoGameAPITest" time="0.429"/>
  <testcase name="test_getNewVideoGame" classname="testcases.VideoGameAPITest" time="0.756"/>
  <testcase name="test_updateNewVideoGame" classname="testcases.VideoGameAPITest" time="0.06"/>
</testsuite>